<?xml version="1.0" encoding="UTF-8"?>
<!-- Generated by org.testng.reporters.JUnitXMLReporter -->
<testsuite ignored="0" hostname="LAPTOP-QC1QQ4NQ" failures="0" tests="3" name="Default test" time="121.231" errors="0" timestamp="2021-08-28T12:05:38 IST">
  <testcase classname="com.vtiger.comecast.producttest.TC_1_Search_Prdby_prdnoTest" name="search_Prdby_commrateTest" time="14.824"/>
  <testcase classname="com.vtiger.comecast.producttest.TC_1_Search_Prdby_prdnoTest" name="search_Prdby_partnoTest1" time="14.863"/>
  <testcase classname="com.vtiger.comecast.producttest.TC_1_Search_Prdby_prdnoTest" name="search_Prdby_prdnoTest" time="39.915"/>
</testsuite> <!-- Default test -->
