<?xml version="1.0" encoding="UTF-8"?>
<testng-results ignored="0" total="3" passed="3" failed="0" skipped="0">
  <reporter-output>
  </reporter-output>
  <suite started-at="2021-08-28T12:03:37 IST" name="Default suite" finished-at="2021-08-28T12:05:38 IST" duration-ms="121231">
    <groups>
    </groups>
    <test started-at="2021-08-28T12:03:37 IST" name="Default test" finished-at="2021-08-28T12:05:38 IST" duration-ms="121231">
      <class name="com.vtiger.comecast.producttest.TC_1_Search_Prdby_prdnoTest">
        <test-method is-config="true" signature="configBS()[pri:0, instance:com.vtiger.comecast.producttest.TC_1_Search_Prdby_prdnoTest@20ce78ec]" started-at="2021-08-28T12:03:37 IST" name="configBS" finished-at="2021-08-28T12:03:37 IST" duration-ms="9" status="PASS">
          <reporter-output>
          </reporter-output>
        </test-method> <!-- configBS -->
        <test-method is-config="true" signature="Bc()[pri:0, instance:com.vtiger.comecast.producttest.TC_1_Search_Prdby_prdnoTest@20ce78ec]" started-at="2021-08-28T12:03:37 IST" name="Bc" finished-at="2021-08-28T12:03:39 IST" duration-ms="2480" status="PASS">
          <reporter-output>
          </reporter-output>
        </test-method> <!-- Bc -->
        <test-method is-config="true" signature="BM()[pri:0, instance:com.vtiger.comecast.producttest.TC_1_Search_Prdby_prdnoTest@20ce78ec]" started-at="2021-08-28T12:03:39 IST" name="BM" finished-at="2021-08-28T12:03:54 IST" duration-ms="14810" status="PASS">
          <reporter-output>
          </reporter-output>
        </test-method> <!-- BM -->
        <test-method signature="search_Prdby_commrateTest()[pri:0, instance:com.vtiger.comecast.producttest.TC_1_Search_Prdby_prdnoTest@20ce78ec]" started-at="2021-08-28T12:03:54 IST" name="search_Prdby_commrateTest" finished-at="2021-08-28T12:04:09 IST" duration-ms="14824" status="PASS">
          <reporter-output>
          </reporter-output>
        </test-method> <!-- search_Prdby_commrateTest -->
        <test-method is-config="true" signature="AM()[pri:0, instance:com.vtiger.comecast.producttest.TC_1_Search_Prdby_prdnoTest@20ce78ec]" started-at="2021-08-28T12:04:09 IST" name="AM" finished-at="2021-08-28T12:04:11 IST" duration-ms="1826" status="PASS">
          <reporter-output>
          </reporter-output>
        </test-method> <!-- AM -->
        <test-method is-config="true" signature="BM()[pri:0, instance:com.vtiger.comecast.producttest.TC_1_Search_Prdby_prdnoTest@20ce78ec]" started-at="2021-08-28T12:04:11 IST" name="BM" finished-at="2021-08-28T12:04:24 IST" duration-ms="13737" status="PASS">
          <reporter-output>
          </reporter-output>
        </test-method> <!-- BM -->
        <test-method signature="search_Prdby_partnoTest1()[pri:0, instance:com.vtiger.comecast.producttest.TC_1_Search_Prdby_prdnoTest@20ce78ec]" started-at="2021-08-28T12:04:24 IST" name="search_Prdby_partnoTest1" finished-at="2021-08-28T12:04:39 IST" duration-ms="14863" status="PASS">
          <reporter-output>
          </reporter-output>
        </test-method> <!-- search_Prdby_partnoTest1 -->
        <test-method is-config="true" signature="AM()[pri:0, instance:com.vtiger.comecast.producttest.TC_1_Search_Prdby_prdnoTest@20ce78ec]" started-at="2021-08-28T12:04:39 IST" name="AM" finished-at="2021-08-28T12:04:41 IST" duration-ms="1922" status="PASS">
          <reporter-output>
          </reporter-output>
        </test-method> <!-- AM -->
        <test-method is-config="true" signature="BM()[pri:0, instance:com.vtiger.comecast.producttest.TC_1_Search_Prdby_prdnoTest@20ce78ec]" started-at="2021-08-28T12:04:41 IST" name="BM" finished-at="2021-08-28T12:04:55 IST" duration-ms="13821" status="PASS">
          <reporter-output>
          </reporter-output>
        </test-method> <!-- BM -->
        <test-method signature="search_Prdby_prdnoTest()[pri:0, instance:com.vtiger.comecast.producttest.TC_1_Search_Prdby_prdnoTest@20ce78ec]" started-at="2021-08-28T12:04:55 IST" name="search_Prdby_prdnoTest" finished-at="2021-08-28T12:05:35 IST" duration-ms="39915" status="PASS">
          <reporter-output>
          </reporter-output>
        </test-method> <!-- search_Prdby_prdnoTest -->
        <test-method is-config="true" signature="AM()[pri:0, instance:com.vtiger.comecast.producttest.TC_1_Search_Prdby_prdnoTest@20ce78ec]" started-at="2021-08-28T12:05:35 IST" name="AM" finished-at="2021-08-28T12:05:37 IST" duration-ms="2267" status="PASS">
          <reporter-output>
          </reporter-output>
        </test-method> <!-- AM -->
        <test-method is-config="true" signature="AC()[pri:0, instance:com.vtiger.comecast.producttest.TC_1_Search_Prdby_prdnoTest@20ce78ec]" started-at="2021-08-28T12:05:37 IST" name="AC" finished-at="2021-08-28T12:05:38 IST" duration-ms="692" status="PASS">
          <reporter-output>
          </reporter-output>
        </test-method> <!-- AC -->
        <test-method is-config="true" signature="configAS()[pri:0, instance:com.vtiger.comecast.producttest.TC_1_Search_Prdby_prdnoTest@20ce78ec]" started-at="2021-08-28T12:05:38 IST" name="configAS" finished-at="2021-08-28T12:05:38 IST" duration-ms="0" status="PASS">
          <reporter-output>
          </reporter-output>
        </test-method> <!-- configAS -->
      </class> <!-- com.vtiger.comecast.producttest.TC_1_Search_Prdby_prdnoTest -->
    </test> <!-- Default test -->
  </suite> <!-- Default suite -->
</testng-results>
